2025-01-05 15:57:22.462 [ main ] - [ INFO  ] [ com.fancier.system.OjSystemApplication : 630 ] - No active profile set, falling back to 1 default profile: "default"
2025-01-05 15:57:22.922 [ main ] - [ INFO  ] [ o.springframework.cloud.context.scope.GenericScope : 282 ] - BeanFactory id=9e2492ef-77fb-3835-8ecd-cf8b8260772c
2025-01-05 15:57:23.199 [ main ] - [ INFO  ] [ o.s.boot.web.embedded.tomcat.TomcatWebServer : 108 ] - Tomcat initialized with port(s): 9001 (http)
2025-01-05 15:57:23.213 [ main ] - [ INFO  ] [ org.apache.coyote.http11.Http11NioProtocol : 173 ] - Initializing ProtocolHandler ["http-nio-9001"]
2025-01-05 15:57:23.214 [ main ] - [ INFO  ] [ org.apache.catalina.core.StandardService : 173 ] - Starting service [Tomcat]
2025-01-05 15:57:23.215 [ main ] - [ INFO  ] [ org.apache.catalina.core.StandardEngine : 173 ] - Starting Servlet engine: [Apache Tomcat/10.1.4]
2025-01-05 15:57:23.328 [ main ] - [ INFO  ] [ o.a.c.core.ContainerBase.[Tomcat].[localhost].[/] : 173 ] - Initializing Spring embedded WebApplicationContext
2025-01-05 15:57:23.329 [ main ] - [ INFO  ] [ o.s.b.w.s.c.ServletWebServerApplicationContext : 291 ] - Root WebApplicationContext: initialization completed in 846 ms
2025-01-05 15:57:23.945 [ main ] - [ INFO  ] [ org.apache.coyote.http11.Http11NioProtocol : 173 ] - Starting ProtocolHandler ["http-nio-9001"]
2025-01-05 15:57:23.973 [ main ] - [ INFO  ] [ o.s.boot.web.embedded.tomcat.TomcatWebServer : 220 ] - Tomcat started on port(s): 9001 (http) with context path ''
2025-01-05 15:57:24.224 [ main ] - [ INFO  ] [ com.fancier.system.OjSystemApplication : 57 ] - Started OjSystemApplication in 3.155 seconds (process running for 3.974)
2025-01-05 19:43:13.681 [ main ] - [ INFO  ] [ com.fancier.system.OjSystemApplication : 630 ] - No active profile set, falling back to 1 default profile: "default"
2025-01-05 19:43:14.162 [ main ] - [ INFO  ] [ o.springframework.cloud.context.scope.GenericScope : 282 ] - BeanFactory id=9e2492ef-77fb-3835-8ecd-cf8b8260772c
2025-01-05 19:43:14.458 [ main ] - [ INFO  ] [ o.s.boot.web.embedded.tomcat.TomcatWebServer : 108 ] - Tomcat initialized with port(s): 9001 (http)
2025-01-05 19:43:14.471 [ main ] - [ INFO  ] [ org.apache.coyote.http11.Http11NioProtocol : 173 ] - Initializing ProtocolHandler ["http-nio-9001"]
2025-01-05 19:43:14.472 [ main ] - [ INFO  ] [ org.apache.catalina.core.StandardService : 173 ] - Starting service [Tomcat]
2025-01-05 19:43:14.473 [ main ] - [ INFO  ] [ org.apache.catalina.core.StandardEngine : 173 ] - Starting Servlet engine: [Apache Tomcat/10.1.4]
2025-01-05 19:43:14.580 [ main ] - [ INFO  ] [ o.a.c.core.ContainerBase.[Tomcat].[localhost].[/] : 173 ] - Initializing Spring embedded WebApplicationContext
2025-01-05 19:43:14.580 [ main ] - [ INFO  ] [ o.s.b.w.s.c.ServletWebServerApplicationContext : 291 ] - Root WebApplicationContext: initialization completed in 882 ms
2025-01-05 19:43:15.364 [ main ] - [ INFO  ] [ org.apache.coyote.http11.Http11NioProtocol : 173 ] - Starting ProtocolHandler ["http-nio-9001"]
2025-01-05 19:43:15.393 [ main ] - [ INFO  ] [ o.s.boot.web.embedded.tomcat.TomcatWebServer : 220 ] - Tomcat started on port(s): 9001 (http) with context path ''
2025-01-05 19:43:15.720 [ main ] - [ INFO  ] [ com.fancier.system.OjSystemApplication : 57 ] - Started OjSystemApplication in 3.525 seconds (process running for 4.254)
2025-01-05 20:14:40.427 [ main ] - [ INFO  ] [ com.fancier.system.OjSystemApplication : 630 ] - No active profile set, falling back to 1 default profile: "default"
2025-01-05 20:14:40.946 [ main ] - [ WARN  ] [ org.mybatis.spring.mapper.ClassPathMapperScanner : 44 ] - No MyBatis mapper was found in '[com.fancier.**.mapper]' package. Please check your configuration.
2025-01-05 20:14:41.012 [ main ] - [ INFO  ] [ o.springframework.cloud.context.scope.GenericScope : 282 ] - BeanFactory id=9bbdd244-160e-3ca9-bb60-3ed5daa14d03
2025-01-05 20:14:41.321 [ main ] - [ INFO  ] [ o.s.boot.web.embedded.tomcat.TomcatWebServer : 108 ] - Tomcat initialized with port(s): 9001 (http)
2025-01-05 20:14:41.333 [ main ] - [ INFO  ] [ org.apache.coyote.http11.Http11NioProtocol : 173 ] - Initializing ProtocolHandler ["http-nio-9001"]
2025-01-05 20:14:41.334 [ main ] - [ INFO  ] [ org.apache.catalina.core.StandardService : 173 ] - Starting service [Tomcat]
2025-01-05 20:14:41.334 [ main ] - [ INFO  ] [ org.apache.catalina.core.StandardEngine : 173 ] - Starting Servlet engine: [Apache Tomcat/10.1.4]
2025-01-05 20:14:41.436 [ main ] - [ INFO  ] [ o.a.c.core.ContainerBase.[Tomcat].[localhost].[/] : 173 ] - Initializing Spring embedded WebApplicationContext
2025-01-05 20:14:41.436 [ main ] - [ INFO  ] [ o.s.b.w.s.c.ServletWebServerApplicationContext : 291 ] - Root WebApplicationContext: initialization completed in 987 ms
2025-01-05 20:14:42.147 [ main ] - [ INFO  ] [ org.apache.coyote.http11.Http11NioProtocol : 173 ] - Starting ProtocolHandler ["http-nio-9001"]
2025-01-05 20:14:42.167 [ main ] - [ INFO  ] [ o.s.boot.web.embedded.tomcat.TomcatWebServer : 220 ] - Tomcat started on port(s): 9001 (http) with context path ''
2025-01-05 20:14:42.345 [ main ] - [ INFO  ] [ com.fancier.system.OjSystemApplication : 57 ] - Started OjSystemApplication in 3.187 seconds (process running for 3.839)
