2025-01-08 18:41:49.733 [ main ] - [ INFO  ] [ com.fancier.system.OjSystemApplication : 630 ] - No active profile set, falling back to 1 default profile: "default"
2025-01-08 18:41:51.343 [ main ] - [ INFO  ] [ o.springframework.cloud.context.scope.GenericScope : 282 ] - BeanFactory id=9b468f03-0b28-3dd3-b904-2ae3ee366f3c
2025-01-08 18:41:51.960 [ main ] - [ INFO  ] [ o.s.boot.web.embedded.tomcat.TomcatWebServer : 108 ] - Tomcat initialized with port(s): 9001 (http)
2025-01-08 18:41:51.984 [ main ] - [ INFO  ] [ org.apache.coyote.http11.Http11NioProtocol : 173 ] - Initializing ProtocolHandler ["http-nio-9001"]
2025-01-08 18:41:51.986 [ main ] - [ INFO  ] [ org.apache.catalina.core.StandardService : 173 ] - Starting service [Tomcat]
2025-01-08 18:41:51.988 [ main ] - [ INFO  ] [ org.apache.catalina.core.StandardEngine : 173 ] - Starting Servlet engine: [Apache Tomcat/10.1.4]
2025-01-08 18:41:52.189 [ main ] - [ INFO  ] [ o.a.c.core.ContainerBase.[Tomcat].[localhost].[/] : 173 ] - Initializing Spring embedded WebApplicationContext
2025-01-08 18:41:52.191 [ main ] - [ INFO  ] [ o.s.b.w.s.c.ServletWebServerApplicationContext : 291 ] - Root WebApplicationContext: initialization completed in 2415 ms
2025-01-08 18:41:54.218 [ main ] - [ INFO  ] [ org.apache.coyote.http11.Http11NioProtocol : 173 ] - Starting ProtocolHandler ["http-nio-9001"]
2025-01-08 18:41:54.261 [ main ] - [ INFO  ] [ o.s.boot.web.embedded.tomcat.TomcatWebServer : 220 ] - Tomcat started on port(s): 9001 (http) with context path ''
2025-01-08 18:41:54.598 [ main ] - [ INFO  ] [ com.fancier.system.OjSystemApplication : 57 ] - Started OjSystemApplication in 7.259 seconds (process running for 8.258)
2025-01-08 18:41:59.734 [ http-nio-9001-exec-1 ] - [ INFO  ] [ o.a.c.core.ContainerBase.[Tomcat].[localhost].[/] : 173 ] - Initializing Spring DispatcherServlet 'dispatcherServlet'
2025-01-08 18:41:59.735 [ http-nio-9001-exec-1 ] - [ INFO  ] [ org.springframework.web.servlet.DispatcherServlet : 532 ] - Initializing Servlet 'dispatcherServlet'
2025-01-08 18:41:59.739 [ http-nio-9001-exec-1 ] - [ INFO  ] [ org.springframework.web.servlet.DispatcherServlet : 554 ] - Completed initialization in 3 ms
2025-01-08 18:42:18.667 [ http-nio-9001-exec-8 ] - [ INFO  ] [ org.springdoc.api.AbstractOpenApiResource : 387 ] - Init duration for springdoc-openapi is: 669 ms
2025-01-08 19:26:48.928 [ main ] - [ INFO  ] [ com.fancier.system.OjSystemApplication : 630 ] - No active profile set, falling back to 1 default profile: "default"
2025-01-08 19:26:50.208 [ main ] - [ INFO  ] [ o.springframework.cloud.context.scope.GenericScope : 282 ] - BeanFactory id=9b468f03-0b28-3dd3-b904-2ae3ee366f3c
2025-01-08 19:26:50.786 [ main ] - [ INFO  ] [ o.s.boot.web.embedded.tomcat.TomcatWebServer : 108 ] - Tomcat initialized with port(s): 9001 (http)
2025-01-08 19:26:50.812 [ main ] - [ INFO  ] [ org.apache.coyote.http11.Http11NioProtocol : 173 ] - Initializing ProtocolHandler ["http-nio-9001"]
2025-01-08 19:26:50.814 [ main ] - [ INFO  ] [ org.apache.catalina.core.StandardService : 173 ] - Starting service [Tomcat]
2025-01-08 19:26:50.815 [ main ] - [ INFO  ] [ org.apache.catalina.core.StandardEngine : 173 ] - Starting Servlet engine: [Apache Tomcat/10.1.4]
2025-01-08 19:26:51.025 [ main ] - [ INFO  ] [ o.a.c.core.ContainerBase.[Tomcat].[localhost].[/] : 173 ] - Initializing Spring embedded WebApplicationContext
2025-01-08 19:26:51.027 [ main ] - [ INFO  ] [ o.s.b.w.s.c.ServletWebServerApplicationContext : 291 ] - Root WebApplicationContext: initialization completed in 2056 ms
2025-01-08 19:26:52.311 [ main ] - [ INFO  ] [ org.apache.coyote.http11.Http11NioProtocol : 173 ] - Starting ProtocolHandler ["http-nio-9001"]
2025-01-08 19:26:52.335 [ main ] - [ INFO  ] [ o.s.boot.web.embedded.tomcat.TomcatWebServer : 220 ] - Tomcat started on port(s): 9001 (http) with context path ''
2025-01-08 19:26:52.563 [ main ] - [ INFO  ] [ com.fancier.system.OjSystemApplication : 57 ] - Started OjSystemApplication in 5.747 seconds (process running for 7.045)
2025-01-08 19:27:07.299 [ http-nio-9001-exec-1 ] - [ INFO  ] [ o.a.c.core.ContainerBase.[Tomcat].[localhost].[/] : 173 ] - Initializing Spring DispatcherServlet 'dispatcherServlet'
2025-01-08 19:27:07.299 [ http-nio-9001-exec-1 ] - [ INFO  ] [ org.springframework.web.servlet.DispatcherServlet : 532 ] - Initializing Servlet 'dispatcherServlet'
2025-01-08 19:27:07.303 [ http-nio-9001-exec-1 ] - [ INFO  ] [ org.springframework.web.servlet.DispatcherServlet : 554 ] - Completed initialization in 1 ms
2025-01-08 19:27:08.480 [ http-nio-9001-exec-9 ] - [ INFO  ] [ org.springdoc.api.AbstractOpenApiResource : 387 ] - Init duration for springdoc-openapi is: 434 ms
2025-01-08 19:28:09.259 [ main ] - [ INFO  ] [ com.fancier.system.OjSystemApplication : 630 ] - No active profile set, falling back to 1 default profile: "default"
2025-01-08 19:28:10.504 [ main ] - [ INFO  ] [ o.springframework.cloud.context.scope.GenericScope : 282 ] - BeanFactory id=9b468f03-0b28-3dd3-b904-2ae3ee366f3c
2025-01-08 19:28:11.019 [ main ] - [ INFO  ] [ o.s.boot.web.embedded.tomcat.TomcatWebServer : 108 ] - Tomcat initialized with port(s): 9001 (http)
2025-01-08 19:28:11.036 [ main ] - [ INFO  ] [ org.apache.coyote.http11.Http11NioProtocol : 173 ] - Initializing ProtocolHandler ["http-nio-9001"]
2025-01-08 19:28:11.038 [ main ] - [ INFO  ] [ org.apache.catalina.core.StandardService : 173 ] - Starting service [Tomcat]
2025-01-08 19:28:11.039 [ main ] - [ INFO  ] [ org.apache.catalina.core.StandardEngine : 173 ] - Starting Servlet engine: [Apache Tomcat/10.1.4]
2025-01-08 19:28:11.217 [ main ] - [ INFO  ] [ o.a.c.core.ContainerBase.[Tomcat].[localhost].[/] : 173 ] - Initializing Spring embedded WebApplicationContext
2025-01-08 19:28:11.218 [ main ] - [ INFO  ] [ o.s.b.w.s.c.ServletWebServerApplicationContext : 291 ] - Root WebApplicationContext: initialization completed in 1921 ms
2025-01-08 19:28:13.100 [ main ] - [ INFO  ] [ org.apache.coyote.http11.Http11NioProtocol : 173 ] - Starting ProtocolHandler ["http-nio-9001"]
2025-01-08 19:28:13.136 [ main ] - [ INFO  ] [ o.s.boot.web.embedded.tomcat.TomcatWebServer : 220 ] - Tomcat started on port(s): 9001 (http) with context path ''
2025-01-08 19:28:13.450 [ main ] - [ INFO  ] [ com.fancier.system.OjSystemApplication : 57 ] - Started OjSystemApplication in 6.478 seconds (process running for 7.437)
2025-01-08 19:37:11.673 [ main ] - [ INFO  ] [ com.fancier.system.OjSystemApplication : 630 ] - No active profile set, falling back to 1 default profile: "default"
2025-01-08 19:37:12.782 [ main ] - [ INFO  ] [ o.springframework.cloud.context.scope.GenericScope : 282 ] - BeanFactory id=9b468f03-0b28-3dd3-b904-2ae3ee366f3c
2025-01-08 19:37:13.320 [ main ] - [ INFO  ] [ o.s.boot.web.embedded.tomcat.TomcatWebServer : 108 ] - Tomcat initialized with port(s): 9001 (http)
2025-01-08 19:37:13.342 [ main ] - [ INFO  ] [ org.apache.coyote.http11.Http11NioProtocol : 173 ] - Initializing ProtocolHandler ["http-nio-9001"]
2025-01-08 19:37:13.344 [ main ] - [ INFO  ] [ org.apache.catalina.core.StandardService : 173 ] - Starting service [Tomcat]
2025-01-08 19:37:13.344 [ main ] - [ INFO  ] [ org.apache.catalina.core.StandardEngine : 173 ] - Starting Servlet engine: [Apache Tomcat/10.1.4]
2025-01-08 19:37:13.535 [ main ] - [ INFO  ] [ o.a.c.core.ContainerBase.[Tomcat].[localhost].[/] : 173 ] - Initializing Spring embedded WebApplicationContext
2025-01-08 19:37:13.536 [ main ] - [ INFO  ] [ o.s.b.w.s.c.ServletWebServerApplicationContext : 291 ] - Root WebApplicationContext: initialization completed in 1826 ms
2025-01-08 19:37:15.397 [ main ] - [ INFO  ] [ org.apache.coyote.http11.Http11NioProtocol : 173 ] - Starting ProtocolHandler ["http-nio-9001"]
2025-01-08 19:37:15.433 [ main ] - [ INFO  ] [ o.s.boot.web.embedded.tomcat.TomcatWebServer : 220 ] - Tomcat started on port(s): 9001 (http) with context path ''
2025-01-08 19:37:15.767 [ main ] - [ INFO  ] [ com.fancier.system.OjSystemApplication : 57 ] - Started OjSystemApplication in 6.221 seconds (process running for 7.121)
2025-01-08 19:37:39.267 [ http-nio-9001-exec-1 ] - [ INFO  ] [ o.a.c.core.ContainerBase.[Tomcat].[localhost].[/] : 173 ] - Initializing Spring DispatcherServlet 'dispatcherServlet'
2025-01-08 19:37:39.269 [ http-nio-9001-exec-1 ] - [ INFO  ] [ org.springframework.web.servlet.DispatcherServlet : 532 ] - Initializing Servlet 'dispatcherServlet'
2025-01-08 19:37:39.272 [ http-nio-9001-exec-1 ] - [ INFO  ] [ org.springframework.web.servlet.DispatcherServlet : 554 ] - Completed initialization in 3 ms
2025-01-08 19:37:40.821 [ http-nio-9001-exec-9 ] - [ INFO  ] [ org.springdoc.api.AbstractOpenApiResource : 387 ] - Init duration for springdoc-openapi is: 777 ms
2025-01-08 19:37:59.813 [ main ] - [ INFO  ] [ com.fancier.system.OjSystemApplication : 630 ] - No active profile set, falling back to 1 default profile: "default"
2025-01-08 19:38:00.934 [ main ] - [ INFO  ] [ o.springframework.cloud.context.scope.GenericScope : 282 ] - BeanFactory id=9b468f03-0b28-3dd3-b904-2ae3ee366f3c
2025-01-08 19:38:01.465 [ main ] - [ INFO  ] [ o.s.boot.web.embedded.tomcat.TomcatWebServer : 108 ] - Tomcat initialized with port(s): 9001 (http)
2025-01-08 19:38:01.492 [ main ] - [ INFO  ] [ org.apache.coyote.http11.Http11NioProtocol : 173 ] - Initializing ProtocolHandler ["http-nio-9001"]
2025-01-08 19:38:01.495 [ main ] - [ INFO  ] [ org.apache.catalina.core.StandardService : 173 ] - Starting service [Tomcat]
2025-01-08 19:38:01.495 [ main ] - [ INFO  ] [ org.apache.catalina.core.StandardEngine : 173 ] - Starting Servlet engine: [Apache Tomcat/10.1.4]
2025-01-08 19:38:01.712 [ main ] - [ INFO  ] [ o.a.c.core.ContainerBase.[Tomcat].[localhost].[/] : 173 ] - Initializing Spring embedded WebApplicationContext
2025-01-08 19:38:01.713 [ main ] - [ INFO  ] [ o.s.b.w.s.c.ServletWebServerApplicationContext : 291 ] - Root WebApplicationContext: initialization completed in 1865 ms
2025-01-08 19:38:03.727 [ main ] - [ INFO  ] [ org.apache.coyote.http11.Http11NioProtocol : 173 ] - Starting ProtocolHandler ["http-nio-9001"]
2025-01-08 19:38:03.747 [ main ] - [ INFO  ] [ o.s.boot.web.embedded.tomcat.TomcatWebServer : 220 ] - Tomcat started on port(s): 9001 (http) with context path ''
2025-01-08 19:38:03.954 [ main ] - [ INFO  ] [ com.fancier.system.OjSystemApplication : 57 ] - Started OjSystemApplication in 6.3 seconds (process running for 7.261)
2025-01-08 19:38:29.510 [ main ] - [ INFO  ] [ com.fancier.system.OjSystemApplication : 630 ] - No active profile set, falling back to 1 default profile: "default"
2025-01-08 19:38:30.592 [ main ] - [ INFO  ] [ o.springframework.cloud.context.scope.GenericScope : 282 ] - BeanFactory id=9b468f03-0b28-3dd3-b904-2ae3ee366f3c
2025-01-08 19:38:31.133 [ main ] - [ INFO  ] [ o.s.boot.web.embedded.tomcat.TomcatWebServer : 108 ] - Tomcat initialized with port(s): 9001 (http)
2025-01-08 19:38:31.157 [ main ] - [ INFO  ] [ org.apache.coyote.http11.Http11NioProtocol : 173 ] - Initializing ProtocolHandler ["http-nio-9001"]
2025-01-08 19:38:31.159 [ main ] - [ INFO  ] [ org.apache.catalina.core.StandardService : 173 ] - Starting service [Tomcat]
2025-01-08 19:38:31.159 [ main ] - [ INFO  ] [ org.apache.catalina.core.StandardEngine : 173 ] - Starting Servlet engine: [Apache Tomcat/10.1.4]
2025-01-08 19:38:31.368 [ main ] - [ INFO  ] [ o.a.c.core.ContainerBase.[Tomcat].[localhost].[/] : 173 ] - Initializing Spring embedded WebApplicationContext
2025-01-08 19:38:31.370 [ main ] - [ INFO  ] [ o.s.b.w.s.c.ServletWebServerApplicationContext : 291 ] - Root WebApplicationContext: initialization completed in 1821 ms
2025-01-08 19:38:33.198 [ main ] - [ INFO  ] [ org.apache.coyote.http11.Http11NioProtocol : 173 ] - Starting ProtocolHandler ["http-nio-9001"]
2025-01-08 19:38:33.234 [ main ] - [ INFO  ] [ o.s.boot.web.embedded.tomcat.TomcatWebServer : 220 ] - Tomcat started on port(s): 9001 (http) with context path ''
2025-01-08 19:38:33.570 [ main ] - [ INFO  ] [ com.fancier.system.OjSystemApplication : 57 ] - Started OjSystemApplication in 6.152 seconds (process running for 6.953)
2025-01-08 19:38:45.702 [ http-nio-9001-exec-1 ] - [ INFO  ] [ o.a.c.core.ContainerBase.[Tomcat].[localhost].[/] : 173 ] - Initializing Spring DispatcherServlet 'dispatcherServlet'
2025-01-08 19:38:45.704 [ http-nio-9001-exec-1 ] - [ INFO  ] [ org.springframework.web.servlet.DispatcherServlet : 532 ] - Initializing Servlet 'dispatcherServlet'
2025-01-08 19:38:45.708 [ http-nio-9001-exec-1 ] - [ INFO  ] [ org.springframework.web.servlet.DispatcherServlet : 554 ] - Completed initialization in 3 ms
2025-01-08 19:38:47.102 [ http-nio-9001-exec-6 ] - [ INFO  ] [ org.springdoc.api.AbstractOpenApiResource : 387 ] - Init duration for springdoc-openapi is: 768 ms
2025-01-08 19:40:09.060 [ main ] - [ INFO  ] [ com.fancier.system.OjSystemApplication : 630 ] - No active profile set, falling back to 1 default profile: "default"
2025-01-08 19:40:10.260 [ main ] - [ INFO  ] [ o.springframework.cloud.context.scope.GenericScope : 282 ] - BeanFactory id=a5a5f4cf-58ec-3889-98d9-1cf22500c4d0
2025-01-08 19:40:10.792 [ main ] - [ INFO  ] [ o.s.boot.web.embedded.tomcat.TomcatWebServer : 108 ] - Tomcat initialized with port(s): 9001 (http)
2025-01-08 19:40:10.814 [ main ] - [ INFO  ] [ org.apache.coyote.http11.Http11NioProtocol : 173 ] - Initializing ProtocolHandler ["http-nio-9001"]
2025-01-08 19:40:10.816 [ main ] - [ INFO  ] [ org.apache.catalina.core.StandardService : 173 ] - Starting service [Tomcat]
2025-01-08 19:40:10.818 [ main ] - [ INFO  ] [ org.apache.catalina.core.StandardEngine : 173 ] - Starting Servlet engine: [Apache Tomcat/10.1.4]
2025-01-08 19:40:11.008 [ main ] - [ INFO  ] [ o.a.c.core.ContainerBase.[Tomcat].[localhost].[/] : 173 ] - Initializing Spring embedded WebApplicationContext
2025-01-08 19:40:11.009 [ main ] - [ INFO  ] [ o.s.b.w.s.c.ServletWebServerApplicationContext : 291 ] - Root WebApplicationContext: initialization completed in 1912 ms
2025-01-08 19:40:12.762 [ main ] - [ INFO  ] [ org.apache.coyote.http11.Http11NioProtocol : 173 ] - Starting ProtocolHandler ["http-nio-9001"]
2025-01-08 19:40:12.803 [ main ] - [ INFO  ] [ o.s.boot.web.embedded.tomcat.TomcatWebServer : 220 ] - Tomcat started on port(s): 9001 (http) with context path ''
2025-01-08 19:40:13.104 [ main ] - [ INFO  ] [ com.fancier.system.OjSystemApplication : 57 ] - Started OjSystemApplication in 6.169 seconds (process running for 6.91)
2025-01-08 19:40:19.330 [ http-nio-9001-exec-1 ] - [ INFO  ] [ o.a.c.core.ContainerBase.[Tomcat].[localhost].[/] : 173 ] - Initializing Spring DispatcherServlet 'dispatcherServlet'
2025-01-08 19:40:19.331 [ http-nio-9001-exec-1 ] - [ INFO  ] [ org.springframework.web.servlet.DispatcherServlet : 532 ] - Initializing Servlet 'dispatcherServlet'
2025-01-08 19:40:19.333 [ http-nio-9001-exec-1 ] - [ INFO  ] [ org.springframework.web.servlet.DispatcherServlet : 554 ] - Completed initialization in 2 ms
2025-01-08 19:40:20.182 [ http-nio-9001-exec-5 ] - [ INFO  ] [ org.springdoc.api.AbstractOpenApiResource : 387 ] - Init duration for springdoc-openapi is: 439 ms
2025-01-08 20:00:29.016 [ main ] - [ INFO  ] [ com.fancier.foj.system.OjSystemApplication : 630 ] - No active profile set, falling back to 1 default profile: "default"
2025-01-08 20:00:30.139 [ main ] - [ INFO  ] [ o.springframework.cloud.context.scope.GenericScope : 282 ] - BeanFactory id=5235a587-3a4b-3ea8-881d-aa40ba9f78a2
2025-01-08 20:00:30.574 [ main ] - [ INFO  ] [ o.s.boot.web.embedded.tomcat.TomcatWebServer : 108 ] - Tomcat initialized with port(s): 9001 (http)
2025-01-08 20:00:30.589 [ main ] - [ INFO  ] [ org.apache.coyote.http11.Http11NioProtocol : 173 ] - Initializing ProtocolHandler ["http-nio-9001"]
2025-01-08 20:00:30.591 [ main ] - [ INFO  ] [ org.apache.catalina.core.StandardService : 173 ] - Starting service [Tomcat]
2025-01-08 20:00:30.591 [ main ] - [ INFO  ] [ org.apache.catalina.core.StandardEngine : 173 ] - Starting Servlet engine: [Apache Tomcat/10.1.4]
2025-01-08 20:00:30.753 [ main ] - [ INFO  ] [ o.a.c.core.ContainerBase.[Tomcat].[localhost].[/] : 173 ] - Initializing Spring embedded WebApplicationContext
2025-01-08 20:00:30.754 [ main ] - [ INFO  ] [ o.s.b.w.s.c.ServletWebServerApplicationContext : 291 ] - Root WebApplicationContext: initialization completed in 1702 ms
2025-01-08 20:00:32.562 [ main ] - [ INFO  ] [ org.apache.coyote.http11.Http11NioProtocol : 173 ] - Starting ProtocolHandler ["http-nio-9001"]
2025-01-08 20:00:32.600 [ main ] - [ INFO  ] [ o.s.boot.web.embedded.tomcat.TomcatWebServer : 220 ] - Tomcat started on port(s): 9001 (http) with context path ''
2025-01-08 20:00:32.897 [ main ] - [ INFO  ] [ com.fancier.foj.system.OjSystemApplication : 57 ] - Started OjSystemApplication in 5.907 seconds (process running for 6.753)
2025-01-08 20:01:20.315 [ http-nio-9001-exec-3 ] - [ INFO  ] [ o.a.c.core.ContainerBase.[Tomcat].[localhost].[/] : 173 ] - Initializing Spring DispatcherServlet 'dispatcherServlet'
2025-01-08 20:01:20.317 [ http-nio-9001-exec-3 ] - [ INFO  ] [ org.springframework.web.servlet.DispatcherServlet : 532 ] - Initializing Servlet 'dispatcherServlet'
2025-01-08 20:01:20.323 [ http-nio-9001-exec-3 ] - [ INFO  ] [ org.springframework.web.servlet.DispatcherServlet : 554 ] - Completed initialization in 3 ms
2025-01-08 20:01:21.566 [ http-nio-9001-exec-4 ] - [ INFO  ] [ org.springdoc.api.AbstractOpenApiResource : 387 ] - Init duration for springdoc-openapi is: 638 ms
